SF:lib/src/models/weather.dart
DA:11,2
DA:16,2
DA:17,2
LF:3
LH:3
end_of_record
SF:lib/src/models/weather.g.dart
DA:11,4
DA:14,2
DA:15,2
DA:17,6
DA:19,6
LF:5
LH:5
end_of_record
SF:lib/src/open_meteo_api_client.dart
DA:24,1
DA:25,1
DA:31,1
DA:32,1
DA:35,1
DA:38,2
DA:40,2
DA:41,1
DA:44,2
DA:46,2
DA:48,1
DA:50,2
DA:52,2
DA:56,1
DA:60,2
DA:61,1
DA:62,1
DA:66,2
DA:68,3
DA:70,2
DA:72,1
DA:73,1
DA:75,1
DA:77,1
LF:24
LH:24
end_of_record
SF:lib/src/models/location.dart
DA:12,2
DA:19,2
DA:20,2
LF:3
LH:3
end_of_record
SF:lib/src/models/location.g.dart
DA:11,4
DA:14,2
DA:15,2
DA:16,6
DA:17,4
DA:18,6
DA:19,6
LF:7
LH:7
end_of_record
